2025-12-01 19:54:52,776 - INFO - Logger đã được thiết lập.
2025-12-01 19:54:52,777 - INFO - CSV file đã tồn tại: /home/lystiger/Documents/TempCastML/backend/Data/merged_data.csv
2025-12-01 19:54:52,777 - INFO - Thread cập nhật thời tiết đã bắt đầu.
2025-12-01 19:54:52,777 - INFO - Bắt đầu vòng lặp thu thập dữ liệu... Nhấn Ctrl+C để dừng.
2025-12-01 19:54:52,793 - INFO - Tìm thấy cổng phù hợp: /dev/ttyACM0 - USB JTAG/serial debug unit
2025-12-01 19:54:54,794 - INFO - Kết nối thành công với /dev/ttyACM0 ở tốc độ 115200.
2025-12-01 19:54:57,990 - INFO - Lấy dữ liệu thời tiết thành công: Nhiệt độ 23°C, Độ ẩm 76%, Áp suất 1012 hPa
2025-12-01 19:54:57,990 - INFO - Dữ liệu thời tiết đã được cập nhật trong thread.
2025-12-01 20:03:29,485 - INFO - Logger đã được thiết lập.
2025-12-01 20:03:29,485 - INFO - CSV file đã được tạo: /home/lystiger/Documents/TempCastML/Data/merged_data.csv
2025-12-01 20:03:29,486 - INFO - Thread cập nhật thời tiết đã bắt đầu.
2025-12-01 20:03:29,486 - INFO - Bắt đầu vòng lặp thu thập dữ liệu... Nhấn Ctrl+C để dừng.
2025-12-01 20:03:29,502 - INFO - Tìm thấy cổng phù hợp: /dev/ttyACM0 - USB JTAG/serial debug unit
2025-12-01 20:03:29,664 - INFO - Lấy dữ liệu thời tiết thành công: Nhiệt độ 23°C, Độ ẩm 76%, Áp suất 1012 hPa
2025-12-01 20:03:29,665 - INFO - Dữ liệu thời tiết đã được cập nhật trong thread.
2025-12-01 20:03:31,503 - INFO - Kết nối thành công với /dev/ttyACM0 ở tốc độ 115200.
2025-12-01 20:13:15,779 - INFO - Logger đã được thiết lập.
2025-12-01 20:13:15,779 - INFO - Logger has been set up for API data collection.
2025-12-01 20:13:15,780 - INFO - CSV file đã được tạo: /home/lystiger/Documents/TempCastML/Data/raw_data_api.csv
2025-12-01 20:13:15,780 - INFO - Starting API data collection loop... Press Ctrl+C to stop.
2025-12-01 20:13:15,977 - INFO - Lấy dữ liệu thời tiết thành công: Nhiệt độ 23°C, Độ ẩm 76%, Áp suất 1012 hPa
2025-12-01 20:13:15,978 - INFO - API data recorded: Temp=23, Hum=76, Pressure=1012
2025-12-02 16:39:16,475 - INFO - Logger đã được thiết lập.
2025-12-02 16:39:16,476 - INFO - Logger has been set up for API data collection.
2025-12-02 16:39:16,477 - INFO - CSV file đã được tạo: /home/lystiger/Documents/TempCastML/Data/raw_data_api.csv
2025-12-02 16:39:16,477 - INFO - Starting API data collection loop... Press Ctrl+C to stop.
2025-12-02 16:39:16,639 - INFO - Lấy dữ liệu thời tiết thành công: Nhiệt độ 27°C, Độ ẩm 62%, Áp suất 1011 hPa
2025-12-02 16:39:16,640 - INFO - API data recorded: Temp=27, Hum=62, Pressure=1011
2025-12-02 16:39:16,640 - INFO - API data collection process finished.
2025-12-02 16:45:34,501 - INFO - Logger đã được thiết lập.
2025-12-02 16:45:34,502 - INFO - Logger has been set up for API data collection.
2025-12-02 16:45:34,502 - INFO - CSV file đã tồn tại: /home/lystiger/Documents/TempCastML/backend/Settings/../Data/raw_data_api.csv
2025-12-02 16:45:34,502 - INFO - Starting API data collection loop... Press Ctrl+C to stop.
2025-12-02 16:45:35,396 - INFO - Lấy dữ liệu thời tiết thành công: Nhiệt độ 27°C, Độ ẩm 69%, Áp suất 1012 hPa
2025-12-02 16:45:35,397 - INFO - API data recorded: Temp=27, Hum=69, Pressure=1012
2025-12-02 17:09:32,085 - INFO - Logger đã được thiết lập.
2025-12-02 17:09:32,085 - INFO - Logger has been set up for API data collection.
2025-12-02 17:09:32,086 - INFO - CSV file đã tồn tại: /home/lystiger/Documents/TempCastML/backend/Settings/../Data/raw_data_api.csv
2025-12-02 17:09:32,086 - INFO - Starting API data collection loop... Press Ctrl+C to stop.
2025-12-02 17:09:32,350 - INFO - Lấy dữ liệu thời tiết thành công: Nhiệt độ 26°C, Độ ẩm 65%, Áp suất 1012 hPa
2025-12-02 17:09:32,351 - INFO - API data recorded: Temp=26, Hum=65, Pressure=1012
2025-12-02 17:44:08,715 - INFO - Logger đã được thiết lập.
2025-12-02 17:44:08,716 - INFO - Logger has been set up for API data collection.
2025-12-02 17:44:08,716 - INFO - CSV file đã tồn tại: /home/lystiger/Documents/TempCastML/backend/Settings/../Data/raw_data_api.csv
2025-12-02 17:44:08,716 - INFO - Starting API data collection loop... Press Ctrl+C to stop.
2025-12-02 17:44:08,859 - INFO - Lấy dữ liệu thời tiết thành công: Nhiệt độ 25°C, Độ ẩm 73%, Áp suất 1013 hPa
2025-12-02 17:44:08,859 - INFO - API data recorded: Temp=25, Hum=73, Pressure=1013
2025-12-02 17:47:02,603 - INFO - API data collection stopped by user request.
2025-12-02 17:47:02,604 - INFO - API data collection process finished.
2025-12-03 13:46:58,502 - INFO - Logger đã được thiết lập.
2025-12-03 13:46:58,502 - INFO - Logger has been set up for API data collection.
2025-12-03 13:46:58,502 - INFO - CSV file đã tồn tại: /home/lystiger/Documents/TempCastML/backend/Settings/../Data/raw_data_api.csv
2025-12-03 13:46:58,502 - INFO - Starting API data collection loop... Press Ctrl+C to stop.
2025-12-03 13:46:58,642 - INFO - Lấy dữ liệu thời tiết thành công: Nhiệt độ 24°C, Độ ẩm 65%, Áp suất 1018 hPa
2025-12-03 13:46:58,642 - INFO - API data recorded: Temp=24, Hum=65, Pressure=1018
2025-12-03 13:56:58,770 - INFO - Lấy dữ liệu thời tiết thành công: Nhiệt độ 24°C, Độ ẩm 65%, Áp suất 1018 hPa
2025-12-03 13:56:58,774 - INFO - API data recorded: Temp=24, Hum=65, Pressure=1018
2025-12-03 14:06:59,362 - INFO - Lấy dữ liệu thời tiết thành công: Nhiệt độ 24°C, Độ ẩm 64%, Áp suất 1018 hPa
2025-12-03 14:06:59,363 - INFO - API data recorded: Temp=24, Hum=64, Pressure=1018
2025-12-03 14:13:20,644 - INFO - API data collection stopped by user request.
2025-12-03 14:13:20,645 - INFO - API data collection process finished.
2025-12-03 14:20:19,366 - INFO - Logger đã được thiết lập.
2025-12-03 14:20:19,366 - INFO - Logger has been set up for API data collection.
2025-12-03 14:20:19,367 - INFO - CSV file đã tồn tại: /home/lystiger/Documents/TempCastML/backend/Settings/../Data/raw_data_api.csv
2025-12-03 14:20:19,367 - INFO - Starting API data collection loop... Press Ctrl+C to stop.
2025-12-03 14:20:19,968 - INFO - Lấy dữ liệu thời tiết thành công: Nhiệt độ 24°C, Độ ẩm 65%, Áp suất 1018 hPa
2025-12-03 14:20:19,969 - INFO - API data recorded: Temp=24, Hum=65, Pressure=1018
2025-12-03 14:30:20,107 - INFO - Lấy dữ liệu thời tiết thành công: Nhiệt độ 24°C, Độ ẩm 65%, Áp suất 1018 hPa
2025-12-03 14:30:20,108 - INFO - API data recorded: Temp=24, Hum=65, Pressure=1018
2025-12-03 14:40:20,202 - INFO - Lấy dữ liệu thời tiết thành công: Nhiệt độ 24°C, Độ ẩm 60%, Áp suất 1017 hPa
2025-12-03 14:40:20,203 - INFO - API data recorded: Temp=24, Hum=60, Pressure=1017
2025-12-03 14:50:20,334 - INFO - Lấy dữ liệu thời tiết thành công: Nhiệt độ 24°C, Độ ẩm 59%, Áp suất 1017 hPa
2025-12-03 14:50:20,334 - INFO - API data recorded: Temp=24, Hum=59, Pressure=1017
2025-12-03 15:00:20,485 - INFO - Lấy dữ liệu thời tiết thành công: Nhiệt độ 24°C, Độ ẩm 59%, Áp suất 1017 hPa
2025-12-03 15:00:20,488 - INFO - API data recorded: Temp=24, Hum=59, Pressure=1017
2025-12-03 15:10:20,608 - INFO - Lấy dữ liệu thời tiết thành công: Nhiệt độ 24°C, Độ ẩm 59%, Áp suất 1017 hPa
2025-12-03 15:10:20,612 - INFO - API data recorded: Temp=24, Hum=59, Pressure=1017
2025-12-03 15:20:21,153 - INFO - Lấy dữ liệu thời tiết thành công: Nhiệt độ 24°C, Độ ẩm 61%, Áp suất 1018 hPa
2025-12-03 15:20:21,156 - INFO - API data recorded: Temp=24, Hum=61, Pressure=1018
2025-12-03 15:30:21,438 - INFO - Lấy dữ liệu thời tiết thành công: Nhiệt độ 24°C, Độ ẩm 61%, Áp suất 1018 hPa
2025-12-03 15:30:21,439 - INFO - API data recorded: Temp=24, Hum=61, Pressure=1018
2025-12-03 15:40:21,599 - INFO - Lấy dữ liệu thời tiết thành công: Nhiệt độ 24°C, Độ ẩm 61%, Áp suất 1018 hPa
2025-12-03 15:40:21,602 - INFO - API data recorded: Temp=24, Hum=61, Pressure=1018
2025-12-03 15:50:21,723 - INFO - Lấy dữ liệu thời tiết thành công: Nhiệt độ 24°C, Độ ẩm 57%, Áp suất 1018 hPa
2025-12-03 15:50:21,723 - INFO - API data recorded: Temp=24, Hum=57, Pressure=1018
2025-12-03 16:00:21,927 - INFO - Lấy dữ liệu thời tiết thành công: Nhiệt độ 24°C, Độ ẩm 57%, Áp suất 1018 hPa
2025-12-03 16:00:21,929 - INFO - API data recorded: Temp=24, Hum=57, Pressure=1018
2025-12-03 16:10:22,044 - INFO - Lấy dữ liệu thời tiết thành công: Nhiệt độ 24°C, Độ ẩm 57%, Áp suất 1018 hPa
2025-12-03 16:10:22,045 - INFO - API data recorded: Temp=24, Hum=57, Pressure=1018
2025-12-03 16:10:24,278 - INFO - API data collection stopped by user request.
2025-12-03 16:10:24,278 - INFO - API data collection process finished.
2025-12-03 17:22:37,178 - INFO - Logger đã được thiết lập.
2025-12-03 17:22:37,178 - INFO - Logger has been set up for API data collection.
2025-12-03 17:22:37,178 - INFO - CSV file đã tồn tại: /home/lystiger/Documents/TempCastML/backend/Settings/../Data/raw_data_api.csv
2025-12-03 17:22:37,178 - INFO - Starting API data collection loop... Press Ctrl+C to stop.
2025-12-03 17:22:38,027 - INFO - Lấy dữ liệu thời tiết thành công: Nhiệt độ 23°C, Độ ẩm 62%, Áp suất 1018 hPa
2025-12-03 17:22:38,028 - INFO - API data recorded: Temp=23, Hum=62, Pressure=1018
2025-12-03 17:32:38,184 - INFO - Lấy dữ liệu thời tiết thành công: Nhiệt độ 23°C, Độ ẩm 60%, Áp suất 1019 hPa
2025-12-03 17:32:38,185 - INFO - API data recorded: Temp=23, Hum=60, Pressure=1019
2025-12-03 17:42:38,279 - INFO - Lấy dữ liệu thời tiết thành công: Nhiệt độ 23°C, Độ ẩm 60%, Áp suất 1019 hPa
2025-12-03 17:42:38,281 - INFO - API data recorded: Temp=23, Hum=60, Pressure=1019
2025-12-03 17:52:38,453 - INFO - Lấy dữ liệu thời tiết thành công: Nhiệt độ 22°C, Độ ẩm 61%, Áp suất 1019 hPa
2025-12-03 17:52:38,454 - INFO - API data recorded: Temp=22, Hum=61, Pressure=1019
2025-12-03 18:02:38,582 - INFO - Lấy dữ liệu thời tiết thành công: Nhiệt độ 22°C, Độ ẩm 61%, Áp suất 1019 hPa
2025-12-03 18:02:38,584 - INFO - API data recorded: Temp=22, Hum=61, Pressure=1019
2025-12-03 18:12:39,190 - INFO - Lấy dữ liệu thời tiết thành công: Nhiệt độ 22°C, Độ ẩm 63%, Áp suất 1019 hPa
2025-12-03 18:12:39,191 - INFO - API data recorded: Temp=22, Hum=63, Pressure=1019
2025-12-03 18:22:39,342 - INFO - Lấy dữ liệu thời tiết thành công: Nhiệt độ 22°C, Độ ẩm 64%, Áp suất 1019 hPa
2025-12-03 18:22:39,342 - INFO - API data recorded: Temp=22, Hum=64, Pressure=1019
2025-12-03 18:32:40,411 - INFO - Lấy dữ liệu thời tiết thành công: Nhiệt độ 22°C, Độ ẩm 62%, Áp suất 1020 hPa
2025-12-03 18:32:40,413 - INFO - API data recorded: Temp=22, Hum=62, Pressure=1020
2025-12-03 18:42:40,685 - INFO - Lấy dữ liệu thời tiết thành công: Nhiệt độ 22°C, Độ ẩm 62%, Áp suất 1020 hPa
2025-12-03 18:42:40,687 - INFO - API data recorded: Temp=22, Hum=62, Pressure=1020
2025-12-03 18:52:41,335 - INFO - Lấy dữ liệu thời tiết thành công: Nhiệt độ 22°C, Độ ẩm 60%, Áp suất 1020 hPa
2025-12-03 18:52:41,336 - INFO - API data recorded: Temp=22, Hum=60, Pressure=1020
2025-12-03 19:02:41,515 - INFO - Lấy dữ liệu thời tiết thành công: Nhiệt độ 22°C, Độ ẩm 60%, Áp suất 1020 hPa
2025-12-03 19:02:41,516 - INFO - API data recorded: Temp=22, Hum=60, Pressure=1020
2025-12-03 19:12:41,853 - INFO - Lấy dữ liệu thời tiết thành công: Nhiệt độ 22°C, Độ ẩm 60%, Áp suất 1020 hPa
2025-12-03 19:12:41,854 - INFO - API data recorded: Temp=22, Hum=60, Pressure=1020
2025-12-03 19:22:42,221 - INFO - Lấy dữ liệu thời tiết thành công: Nhiệt độ 21°C, Độ ẩm 60%, Áp suất 1020 hPa
2025-12-03 19:22:42,222 - INFO - API data recorded: Temp=21, Hum=60, Pressure=1020
2025-12-03 19:32:57,692 - INFO - Lấy dữ liệu thời tiết thành công: Nhiệt độ 21°C, Độ ẩm 60%, Áp suất 1020 hPa
2025-12-03 19:32:57,694 - INFO - API data recorded: Temp=21, Hum=60, Pressure=1020
2025-12-03 19:42:59,614 - INFO - Lấy dữ liệu thời tiết thành công: Nhiệt độ 21°C, Độ ẩm 58%, Áp suất 1021 hPa
2025-12-03 19:42:59,615 - INFO - API data recorded: Temp=21, Hum=58, Pressure=1021
2025-12-03 19:52:59,791 - INFO - Lấy dữ liệu thời tiết thành công: Nhiệt độ 21°C, Độ ẩm 58%, Áp suất 1021 hPa
2025-12-03 19:52:59,793 - INFO - API data recorded: Temp=21, Hum=58, Pressure=1021
2025-12-03 20:03:00,929 - INFO - Lấy dữ liệu thời tiết thành công: Nhiệt độ 21°C, Độ ẩm 58%, Áp suất 1021 hPa
2025-12-03 20:03:00,930 - INFO - API data recorded: Temp=21, Hum=58, Pressure=1021
2025-12-03 20:13:01,403 - INFO - Lấy dữ liệu thời tiết thành công: Nhiệt độ 21°C, Độ ẩm 59%, Áp suất 1021 hPa
2025-12-03 20:13:01,403 - INFO - API data recorded: Temp=21, Hum=59, Pressure=1021
2025-12-03 20:23:01,551 - INFO - Lấy dữ liệu thời tiết thành công: Nhiệt độ 21°C, Độ ẩm 59%, Áp suất 1021 hPa
2025-12-03 20:23:01,553 - INFO - API data recorded: Temp=21, Hum=59, Pressure=1021
2025-12-03 20:33:01,723 - INFO - Lấy dữ liệu thời tiết thành công: Nhiệt độ 21°C, Độ ẩm 56%, Áp suất 1021 hPa
2025-12-03 20:33:01,725 - INFO - API data recorded: Temp=21, Hum=56, Pressure=1021
2025-12-03 20:43:21,751 - ERROR - Lỗi khi lấy dữ liệu thời tiết (network): HTTPConnectionPool(host='api.openweathermap.org', port=80): Max retries exceeded with url: /data/2.5/weather?q=Ha%20Noi,%20VN&appid=3752e6764a2889aea4649454ecab3d4d&units=metric (Caused by NameResolutionError("<urllib3.connection.HTTPConnection object at 0x7954840b2050>: Failed to resolve 'api.openweathermap.org' ([Errno -3] Temporary failure in name resolution)"))
2025-12-03 20:43:21,752 - WARNING - No API data fetched. Skipping write to CSV.
2025-12-03 20:52:02,341 - INFO - API data collection stopped by user request.
2025-12-03 20:52:02,342 - INFO - API data collection process finished.
2025-12-03 20:52:05,811 - INFO - Logger đã được thiết lập.
2025-12-03 20:52:05,812 - INFO - Logger has been set up for API data collection.
2025-12-03 20:52:05,812 - INFO - CSV file đã tồn tại: /home/lystiger/Documents/TempCastML/backend/Settings/../Data/raw_data_api.csv
2025-12-03 20:52:05,812 - INFO - Starting API data collection loop... Press Ctrl+C to stop.
2025-12-03 20:52:05,947 - INFO - Lấy dữ liệu thời tiết thành công: Nhiệt độ 21°C, Độ ẩm 56%, Áp suất 1021 hPa
2025-12-03 20:52:05,947 - INFO - API data recorded: Temp=21, Hum=56, Pressure=1021
2025-12-03 21:02:06,085 - INFO - Lấy dữ liệu thời tiết thành công: Nhiệt độ 21°C, Độ ẩm 56%, Áp suất 1021 hPa
2025-12-03 21:02:06,086 - INFO - API data recorded: Temp=21, Hum=56, Pressure=1021
2025-12-03 21:12:06,226 - INFO - Lấy dữ liệu thời tiết thành công: Nhiệt độ 21°C, Độ ẩm 57%, Áp suất 1021 hPa
2025-12-03 21:12:06,227 - INFO - API data recorded: Temp=21, Hum=57, Pressure=1021
2025-12-03 21:22:06,372 - INFO - Lấy dữ liệu thời tiết thành công: Nhiệt độ 21°C, Độ ẩm 57%, Áp suất 1021 hPa
2025-12-03 21:22:06,374 - INFO - API data recorded: Temp=21, Hum=57, Pressure=1021
2025-12-03 21:32:06,562 - INFO - Lấy dữ liệu thời tiết thành công: Nhiệt độ 21°C, Độ ẩm 57%, Áp suất 1021 hPa
2025-12-03 21:32:06,564 - INFO - API data recorded: Temp=21, Hum=57, Pressure=1021
2025-12-03 21:42:06,742 - INFO - Lấy dữ liệu thời tiết thành công: Nhiệt độ 21°C, Độ ẩm 56%, Áp suất 1021 hPa
2025-12-03 21:42:06,743 - INFO - API data recorded: Temp=21, Hum=56, Pressure=1021
2025-12-03 21:52:07,131 - INFO - Lấy dữ liệu thời tiết thành công: Nhiệt độ 21°C, Độ ẩm 56%, Áp suất 1021 hPa
2025-12-03 21:52:07,132 - INFO - API data recorded: Temp=21, Hum=56, Pressure=1021
2025-12-03 22:02:07,522 - INFO - Lấy dữ liệu thời tiết thành công: Nhiệt độ 21°C, Độ ẩm 56%, Áp suất 1021 hPa
2025-12-03 22:02:07,524 - INFO - API data recorded: Temp=21, Hum=56, Pressure=1021
2025-12-03 22:12:07,632 - INFO - Lấy dữ liệu thời tiết thành công: Nhiệt độ 20°C, Độ ẩm 57%, Áp suất 1021 hPa
2025-12-03 22:12:07,633 - INFO - API data recorded: Temp=20, Hum=57, Pressure=1021
2025-12-03 22:22:07,805 - INFO - Lấy dữ liệu thời tiết thành công: Nhiệt độ 20°C, Độ ẩm 57%, Áp suất 1021 hPa
2025-12-03 22:22:07,806 - INFO - API data recorded: Temp=20, Hum=57, Pressure=1021
2025-12-03 22:32:07,942 - INFO - Lấy dữ liệu thời tiết thành công: Nhiệt độ 20°C, Độ ẩm 57%, Áp suất 1021 hPa
2025-12-03 22:32:07,944 - INFO - API data recorded: Temp=20, Hum=57, Pressure=1021
2025-12-03 22:42:08,104 - INFO - Lấy dữ liệu thời tiết thành công: Nhiệt độ 20°C, Độ ẩm 57%, Áp suất 1021 hPa
2025-12-03 22:42:08,105 - INFO - API data recorded: Temp=20, Hum=57, Pressure=1021
2025-12-03 22:52:08,247 - INFO - Lấy dữ liệu thời tiết thành công: Nhiệt độ 20°C, Độ ẩm 57%, Áp suất 1021 hPa
2025-12-03 22:52:08,248 - INFO - API data recorded: Temp=20, Hum=57, Pressure=1021
2025-12-03 23:02:08,386 - INFO - Lấy dữ liệu thời tiết thành công: Nhiệt độ 20°C, Độ ẩm 57%, Áp suất 1021 hPa
2025-12-03 23:02:08,387 - INFO - API data recorded: Temp=20, Hum=57, Pressure=1021
2025-12-03 23:12:08,517 - INFO - Lấy dữ liệu thời tiết thành công: Nhiệt độ 20°C, Độ ẩm 58%, Áp suất 1021 hPa
2025-12-03 23:12:08,517 - INFO - API data recorded: Temp=20, Hum=58, Pressure=1021
2025-12-03 23:22:08,656 - INFO - Lấy dữ liệu thời tiết thành công: Nhiệt độ 20°C, Độ ẩm 58%, Áp suất 1021 hPa
2025-12-03 23:22:08,657 - INFO - API data recorded: Temp=20, Hum=58, Pressure=1021
2025-12-03 23:25:47,916 - INFO - API data collection stopped by user request.
2025-12-03 23:25:47,917 - INFO - API data collection process finished.
